<?xml version="1.0" encoding="UTF-8"?>
<testng-results ignored="0" total="2" passed="2" failed="0" skipped="0">
  <reporter-output>
  </reporter-output>
  <suite started-at="2018-11-18T23:29:13Z" name="Default suite" finished-at="2018-11-18T23:29:32Z" duration-ms="19042">
    <groups>
    </groups>
    <test started-at="2018-11-18T23:29:13Z" name="Default test" finished-at="2018-11-18T23:29:32Z" duration-ms="19042">
      <class name="com.webdriver.qa.testcases.LoginPageTest">
        <test-method is-config="true" signature="setUp()[pri:0, instance:com.webdriver.qa.testcases.LoginPageTest@6200f9cb]" started-at="2018-11-18T23:29:13Z" name="setUp" finished-at="2018-11-18T23:29:20Z" duration-ms="7632" status="PASS">
          <reporter-output>
          </reporter-output>
        </test-method> <!-- setUp -->
        <test-method signature="verifyInvalidLogin(java.lang.String, java.lang.String, java.lang.String)[pri:0, instance:com.webdriver.qa.testcases.LoginPageTest@6200f9cb]" started-at="2018-11-18T23:29:20Z" name="verifyInvalidLogin" data-provider="InvalidLogin" finished-at="2018-11-18T23:29:22Z" duration-ms="1336" status="PASS">
          <params>
            <param index="0">
              <value>
                <![CDATA[foo@gmail.com]]>
              </value>
            </param>
            <param index="1">
              <value>
                <![CDATA[bar123]]>
              </value>
            </param>
            <param index="2">
              <value>
                <![CDATA[Invalid email or password, or your account may be locked.]]>
              </value>
            </param>
          </params>
          <reporter-output>
          </reporter-output>
        </test-method> <!-- verifyInvalidLogin -->
        <test-method is-config="true" signature="tearDown()[pri:0, instance:com.webdriver.qa.testcases.LoginPageTest@6200f9cb]" started-at="2018-11-18T23:29:22Z" name="tearDown" finished-at="2018-11-18T23:29:22Z" duration-ms="142" status="PASS">
          <reporter-output>
          </reporter-output>
        </test-method> <!-- tearDown -->
        <test-method is-config="true" signature="setUp()[pri:0, instance:com.webdriver.qa.testcases.LoginPageTest@6200f9cb]" started-at="2018-11-18T23:29:22Z" name="setUp" finished-at="2018-11-18T23:29:30Z" duration-ms="8545" status="PASS">
          <reporter-output>
          </reporter-output>
        </test-method> <!-- setUp -->
        <test-method signature="verifyInvalidLogin(java.lang.String, java.lang.String, java.lang.String)[pri:0, instance:com.webdriver.qa.testcases.LoginPageTest@6200f9cb]" started-at="2018-11-18T23:29:30Z" name="verifyInvalidLogin" data-provider="InvalidLogin" finished-at="2018-11-18T23:29:32Z" duration-ms="1231" status="PASS">
          <params>
            <param index="0">
              <value>
                <![CDATA[foo@bar.com]]>
              </value>
            </param>
            <param index="1">
              <value>
                <![CDATA[bar]]>
              </value>
            </param>
            <param index="2">
              <value>
                <![CDATA[Invalid email or password, or your account may be locked.]]>
              </value>
            </param>
          </params>
          <reporter-output>
          </reporter-output>
        </test-method> <!-- verifyInvalidLogin -->
        <test-method is-config="true" signature="tearDown()[pri:0, instance:com.webdriver.qa.testcases.LoginPageTest@6200f9cb]" started-at="2018-11-18T23:29:32Z" name="tearDown" finished-at="2018-11-18T23:29:32Z" duration-ms="114" status="PASS">
          <reporter-output>
          </reporter-output>
        </test-method> <!-- tearDown -->
      </class> <!-- com.webdriver.qa.testcases.LoginPageTest -->
    </test> <!-- Default test -->
  </suite> <!-- Default suite -->
</testng-results>
